<?xml version="1.0" encoding="UTF-8"?>
<!-- Generated by org.testng.reporters.JUnitReportReporter -->
<testsuite hostname="vajapu" failures="0" tests="2" name="com.Selenium.Test.tests.HomePageTest" time="194.880" errors="0" timestamp="2020-02-14T00:00:46 IST" skipped="0">
  <testcase classname="com.Selenium.Test.tests.HomePageTest" name="testURL" time="10.178"/>
  <system-out/>
  <testcase classname="com.Selenium.Test.tests.HomePageTest" name="testURL2" time="184.702"/>
  <system-out/>
</testsuite> <!-- com.Selenium.Test.tests.HomePageTest -->
